2026-01-11T06:18:53.093924+00:00 LAPTOP-E57H2M85 login[582]: PAM unable to dlopen(pam_lastlog.so): /usr/lib/security/pam_lastlog.so: cannot open shared object file: No such file or directory
2026-01-11T06:18:53.094108+00:00 LAPTOP-E57H2M85 login[582]: PAM adding faulty module: pam_lastlog.so
2026-01-11T06:18:53.447526+00:00 LAPTOP-E57H2M85 login[582]: pam_unix(login:session): session opened for user avdhut(uid=1000) by avdhut(uid=0)
2026-01-11T06:18:53.494159+00:00 LAPTOP-E57H2M85 systemd-logind[197]: New session 1 of user avdhut.
2026-01-11T06:18:53.507345+00:00 LAPTOP-E57H2M85 (systemd): pam_unix(systemd-user:session): session opened for user avdhut(uid=1000) by avdhut(uid=0)
2026-01-11T06:19:09.823321+00:00 LAPTOP-E57H2M85 sudo: pam_unix(sudo:auth): authentication failure; logname= uid=1000 euid=0 tty=/dev/pts/0 ruser=avdhut rhost=  user=avdhut
2026-01-11T06:19:26.769718+00:00 LAPTOP-E57H2M85 sudo:   avdhut : 3 incorrect password attempts ; TTY=pts/0 ; PWD=/home/avdhut ; USER=root ; COMMAND=/usr/bin/apt update
2026-01-11T06:19:52.616835+00:00 LAPTOP-E57H2M85 sudo: pam_unix(sudo:auth): authentication failure; logname= uid=1000 euid=0 tty=/dev/pts/0 ruser=avdhut rhost=  user=avdhut
2026-01-11T06:21:54.189591+00:00 LAPTOP-E57H2M85 sudo:   avdhut : 3 incorrect password attempts ; TTY=pts/0 ; PWD=/home/avdhut ; USER=root ; COMMAND=/usr/bin/apt update
2026-01-11T06:22:54.791971+00:00 LAPTOP-E57H2M85 systemd-logind[188]: New seat seat0.
2026-01-11T06:24:41.706674+00:00 LAPTOP-E57H2M85 login[569]: PAM unable to dlopen(pam_lastlog.so): /usr/lib/security/pam_lastlog.so: cannot open shared object file: No such file or directory
2026-01-11T06:24:41.706766+00:00 LAPTOP-E57H2M85 login[569]: PAM adding faulty module: pam_lastlog.so
2026-01-11T06:22:56.953888+00:00 LAPTOP-E57H2M85 login[569]: pam_unix(login:session): session opened for user root(uid=0) by root(uid=0)
2026-01-11T06:22:57.000474+00:00 LAPTOP-E57H2M85 systemd-logind[188]: New session 1 of user root.
2026-01-11T06:22:57.025353+00:00 LAPTOP-E57H2M85 (systemd): pam_unix(systemd-user:session): session opened for user root(uid=0) by root(uid=0)
2026-01-11T06:22:57.249095+00:00 LAPTOP-E57H2M85 login[678]: ROOT LOGIN  on '/dev/pts/1'
2026-01-11T06:25:01.801448+00:00 LAPTOP-E57H2M85 CRON[701]: pam_unix(cron:session): session opened for user root(uid=0) by root(uid=0)
2026-01-11T06:25:01.824765+00:00 LAPTOP-E57H2M85 CRON[701]: pam_unix(cron:session): session closed for user root
2026-01-11T06:23:59.539445+00:00 LAPTOP-E57H2M85 passwd[721]: pam_unix(passwd:chauthtok): password changed for avdhut
2026-01-11T06:24:20.332215+00:00 LAPTOP-E57H2M85 login[744]: PAM unable to dlopen(pam_lastlog.so): /usr/lib/security/pam_lastlog.so: cannot open shared object file: No such file or directory
2026-01-11T06:24:20.332533+00:00 LAPTOP-E57H2M85 login[744]: PAM adding faulty module: pam_lastlog.so
2026-01-11T06:24:20.598258+00:00 LAPTOP-E57H2M85 login[744]: pam_unix(login:session): session opened for user avdhut(uid=1000) by avdhut(uid=0)
2026-01-11T06:24:20.633315+00:00 LAPTOP-E57H2M85 systemd-logind[188]: New session 4 of user avdhut.
2026-01-11T06:24:20.649162+00:00 LAPTOP-E57H2M85 (systemd): pam_unix(systemd-user:session): session opened for user avdhut(uid=1000) by avdhut(uid=0)
2026-01-11T06:24:35.708524+00:00 LAPTOP-E57H2M85 sudo:   avdhut : TTY=pts/0 ; PWD=/home/avdhut ; USER=root ; COMMAND=/usr/bin/apt update
2026-01-11T06:24:35.709298+00:00 LAPTOP-E57H2M85 sudo: pam_unix(sudo:session): session opened for user root(uid=0) by (uid=1000)
2026-01-11T06:24:41.774426+00:00 LAPTOP-E57H2M85 polkitd[1117]: Loading rules from directory /etc/polkit-1/rules.d
2026-01-11T06:24:41.775194+00:00 LAPTOP-E57H2M85 polkitd[1117]: Loading rules from directory /usr/share/polkit-1/rules.d
2026-01-11T06:24:41.781430+00:00 LAPTOP-E57H2M85 polkitd[1117]: Finished loading, compiling and executing 4 rules
2026-01-11T06:24:41.783426+00:00 LAPTOP-E57H2M85 polkitd[1117]: Acquired the name org.freedesktop.PolicyKit1 on the system bus
2026-01-11T06:24:47.442528+00:00 LAPTOP-E57H2M85 sudo: pam_unix(sudo:session): session closed for user root
2026-01-11T06:24:47.449253+00:00 LAPTOP-E57H2M85 sudo:   avdhut : TTY=pts/0 ; PWD=/home/avdhut ; USER=root ; COMMAND=/usr/bin/apt upgrade -y
2026-01-11T06:24:47.450055+00:00 LAPTOP-E57H2M85 sudo: pam_unix(sudo:session): session opened for user root(uid=0) by (uid=1000)
2026-01-11T06:25:25.661895+00:00 LAPTOP-E57H2M85 polkitd[1117]: Reloading rules
2026-01-11T06:25:25.662047+00:00 LAPTOP-E57H2M85 polkitd[1117]: Collecting garbage unconditionally...
2026-01-11T06:25:25.662080+00:00 LAPTOP-E57H2M85 polkitd[1117]: Loading rules from directory /etc/polkit-1/rules.d
2026-01-11T06:25:25.662137+00:00 LAPTOP-E57H2M85 polkitd[1117]: Loading rules from directory /usr/share/polkit-1/rules.d
2026-01-11T06:25:25.663407+00:00 LAPTOP-E57H2M85 polkitd[1117]: Finished loading, compiling and executing 4 rules
2026-01-11T06:25:25.663496+00:00 LAPTOP-E57H2M85 polkitd[1117]: Reloading rules
2026-01-11T06:25:25.663525+00:00 LAPTOP-E57H2M85 polkitd[1117]: Collecting garbage unconditionally...
2026-01-11T06:25:25.663571+00:00 LAPTOP-E57H2M85 polkitd[1117]: Loading rules from directory /etc/polkit-1/rules.d
2026-01-11T06:25:25.663594+00:00 LAPTOP-E57H2M85 polkitd[1117]: Loading rules from directory /usr/share/polkit-1/rules.d
2026-01-11T06:25:25.664978+00:00 LAPTOP-E57H2M85 polkitd[1117]: Finished loading, compiling and executing 4 rules
2026-01-11T06:25:43.258028+00:00 LAPTOP-E57H2M85 polkitd[1117]: Reloading rules
2026-01-11T06:25:43.258245+00:00 LAPTOP-E57H2M85 polkitd[1117]: Collecting garbage unconditionally...
2026-01-11T06:25:43.258280+00:00 LAPTOP-E57H2M85 polkitd[1117]: Loading rules from directory /etc/polkit-1/rules.d
2026-01-11T06:25:43.258309+00:00 LAPTOP-E57H2M85 polkitd[1117]: Loading rules from directory /usr/share/polkit-1/rules.d
2026-01-11T06:25:43.260610+00:00 LAPTOP-E57H2M85 polkitd[1117]: Finished loading, compiling and executing 4 rules
2026-01-11T06:25:43.260746+00:00 LAPTOP-E57H2M85 polkitd[1117]: Reloading rules
2026-01-11T06:25:43.260818+00:00 LAPTOP-E57H2M85 polkitd[1117]: Collecting garbage unconditionally...
2026-01-11T06:25:43.260850+00:00 LAPTOP-E57H2M85 polkitd[1117]: Loading rules from directory /etc/polkit-1/rules.d
2026-01-11T06:25:43.260877+00:00 LAPTOP-E57H2M85 polkitd[1117]: Loading rules from directory /usr/share/polkit-1/rules.d
2026-01-11T06:25:43.263269+00:00 LAPTOP-E57H2M85 polkitd[1117]: Finished loading, compiling and executing 4 rules
2026-01-11T06:27:52.913748+00:00 LAPTOP-E57H2M85 sudo: pam_unix(sudo:session): session closed for user root
2026-01-11T06:50:42.574304+00:00 LAPTOP-E57H2M85 CRON[6597]: pam_unix(cron:session): session opened for user root(uid=0) by root(uid=0)
2026-01-11T06:50:42.582198+00:00 LAPTOP-E57H2M85 CRON[6597]: pam_unix(cron:session): session closed for user root
2026-01-11T07:18:46.482764+00:00 LAPTOP-E57H2M85 CRON[7273]: pam_unix(cron:session): session opened for user root(uid=0) by root(uid=0)
2026-01-11T07:18:46.490903+00:00 LAPTOP-E57H2M85 CRON[7273]: pam_unix(cron:session): session closed for user root
2026-01-11T07:17:16.635858+00:00 LAPTOP-E57H2M85 CRON[7282]: pam_unix(cron:session): session opened for user root(uid=0) by root(uid=0)
2026-01-11T07:17:16.640592+00:00 LAPTOP-E57H2M85 CRON[7282]: pam_unix(cron:session): session closed for user root
2026-01-11T07:30:44.572698+00:00 LAPTOP-E57H2M85 sudo: pam_unix(sudo:auth): authentication failure; logname= uid=1000 euid=0 tty=/dev/pts/0 ruser=avdhut rhost=  user=avdhut
2026-01-11T07:31:00.366469+00:00 LAPTOP-E57H2M85 sudo:   avdhut : TTY=pts/0 ; PWD=/home/avdhut/log-analysis-system ; USER=root ; COMMAND=/usr/bin/cp /var/log/auth.log logs/
2026-01-11T07:31:00.368013+00:00 LAPTOP-E57H2M85 sudo: pam_unix(sudo:session): session opened for user root(uid=0) by (uid=1000)
2026-01-11T07:31:00.378943+00:00 LAPTOP-E57H2M85 sudo: pam_unix(sudo:session): session closed for user root
2026-01-11T07:31:22.745823+00:00 LAPTOP-E57H2M85 sudo:   avdhut : TTY=pts/0 ; PWD=/home/avdhut/log-analysis-system ; USER=root ; COMMAND=/usr/bin/cp /var/log/auth.log logs/
2026-01-11T07:31:22.747346+00:00 LAPTOP-E57H2M85 sudo: pam_unix(sudo:session): session opened for user root(uid=0) by (uid=1000)
2026-01-11T07:31:22.752340+00:00 LAPTOP-E57H2M85 sudo: pam_unix(sudo:session): session closed for user root
2026-01-11T07:32:10.948428+00:00 LAPTOP-E57H2M85 sudo:   avdhut : TTY=pts/0 ; PWD=/home/avdhut/log-analysis-system ; USER=root ; COMMAND=/usr/bin/chown avdhut:avdhut logs/auth.log
2026-01-11T07:32:10.949287+00:00 LAPTOP-E57H2M85 sudo: pam_unix(sudo:session): session opened for user root(uid=0) by (uid=1000)
2026-01-11T07:32:10.958262+00:00 LAPTOP-E57H2M85 sudo: pam_unix(sudo:session): session closed for user root
2026-01-11T07:59:51.512071+00:00 LAPTOP-E57H2M85 sudo: pam_unix(sudo:auth): authentication failure; logname= uid=1000 euid=0 tty=/dev/pts/0 ruser=avdhut rhost=  user=avdhut
2026-01-11T07:59:58.900174+00:00 LAPTOP-E57H2M85 sudo:   avdhut : 3 incorrect password attempts ; TTY=pts/0 ; PWD=/home/avdhut/log-analysis-system ; USER=root ; COMMAND=/usr/bin/ls
2026-01-11T08:00:03.512613+00:00 LAPTOP-E57H2M85 sudo: pam_unix(sudo:auth): authentication failure; logname= uid=1000 euid=0 tty=/dev/pts/0 ruser=avdhut rhost=  user=avdhut
2026-01-11T08:00:14.231003+00:00 LAPTOP-E57H2M85 sudo:   avdhut : 3 incorrect password attempts ; TTY=pts/0 ; PWD=/home/avdhut/log-analysis-system ; USER=root ; COMMAND=/usr/bin/ls
2026-01-11T08:00:36.217613+00:00 LAPTOP-E57H2M85 sudo:   avdhut : TTY=pts/0 ; PWD=/home/avdhut/log-analysis-system ; USER=root ; COMMAND=/usr/bin/cp /var/log/auth.log logs/auth.log
2026-01-11T08:00:36.218139+00:00 LAPTOP-E57H2M85 sudo: pam_unix(sudo:session): session opened for user root(uid=0) by (uid=1000)
2026-01-11T08:00:36.222004+00:00 LAPTOP-E57H2M85 sudo: pam_unix(sudo:session): session closed for user root
2026-01-11T08:02:32.292506+00:00 LAPTOP-E57H2M85 sudo:   avdhut : TTY=pts/0 ; PWD=/home/avdhut/log-analysis-system ; USER=root ; COMMAND=/usr/bin/chown avdhut:avdhut logs/auth.log
2026-01-11T08:02:32.293309+00:00 LAPTOP-E57H2M85 sudo: pam_unix(sudo:session): session opened for user root(uid=0) by (uid=1000)
2026-01-11T08:02:32.296502+00:00 LAPTOP-E57H2M85 sudo: pam_unix(sudo:session): session closed for user root
2026-01-11T08:17:01.681466+00:00 LAPTOP-E57H2M85 CRON[9532]: pam_unix(cron:session): session opened for user root(uid=0) by root(uid=0)
2026-01-11T08:17:01.688335+00:00 LAPTOP-E57H2M85 CRON[9532]: pam_unix(cron:session): session closed for user root
2026-01-11T08:20:40.333660+00:00 LAPTOP-E57H2M85 sudo:   avdhut : TTY=pts/0 ; PWD=/home/avdhut/log-analysis-system ; USER=root ; COMMAND=/usr/sbin/service ssh status
2026-01-11T08:20:40.335087+00:00 LAPTOP-E57H2M85 sudo: pam_unix(sudo:session): session opened for user root(uid=0) by (uid=1000)
2026-01-11T08:20:40.382868+00:00 LAPTOP-E57H2M85 sudo: pam_unix(sudo:session): session closed for user root
2026-01-11T08:22:45.159053+00:00 LAPTOP-E57H2M85 sudo:   avdhut : TTY=pts/0 ; PWD=/home/avdhut/log-analysis-system ; USER=root ; COMMAND=/usr/bin/apt install openssh-server -y
2026-01-11T08:22:45.160250+00:00 LAPTOP-E57H2M85 sudo: pam_unix(sudo:session): session opened for user root(uid=0) by (uid=1000)
2026-01-11T08:22:55.726347+00:00 LAPTOP-E57H2M85 useradd[10078]: new user: name=sshd, UID=105, GID=65534, home=/run/sshd, shell=/usr/sbin/nologin, from=none
2026-01-11T08:23:00.475367+00:00 LAPTOP-E57H2M85 sudo: pam_unix(sudo:session): session closed for user root
2026-01-11T08:23:04.367305+00:00 LAPTOP-E57H2M85 sudo:   avdhut : TTY=pts/0 ; PWD=/home/avdhut/log-analysis-system ; USER=root ; COMMAND=/usr/sbin/service ssh status
2026-01-11T08:23:04.368438+00:00 LAPTOP-E57H2M85 sudo: pam_unix(sudo:session): session opened for user root(uid=0) by (uid=1000)
2026-01-11T08:23:04.397724+00:00 LAPTOP-E57H2M85 sudo: pam_unix(sudo:session): session closed for user root
2026-01-11T08:25:40.251890+00:00 LAPTOP-E57H2M85 sshd[10390]: Server listening on 0.0.0.0 port 22.
2026-01-11T08:25:40.252478+00:00 LAPTOP-E57H2M85 sshd[10390]: Server listening on :: port 22.
2026-01-11T08:25:54.384413+00:00 LAPTOP-E57H2M85 sshd[10393]: Invalid user fakeuser from 127.0.0.1 port 51302
2026-01-11T08:25:56.602364+00:00 LAPTOP-E57H2M85 sshd[10393]: pam_unix(sshd:auth): check pass; user unknown
2026-01-11T08:25:56.602753+00:00 LAPTOP-E57H2M85 sshd[10393]: pam_unix(sshd:auth): authentication failure; logname= uid=0 euid=0 tty=ssh ruser= rhost=127.0.0.1 
2026-01-11T08:25:58.465069+00:00 LAPTOP-E57H2M85 sshd[10393]: Failed password for invalid user fakeuser from 127.0.0.1 port 51302 ssh2
2026-01-11T08:27:48.841431+00:00 LAPTOP-E57H2M85 sshd[10393]: pam_unix(sshd:auth): check pass; user unknown
2026-01-11T08:27:50.744064+00:00 LAPTOP-E57H2M85 sshd[10393]: Failed password for invalid user fakeuser from 127.0.0.1 port 51302 ssh2
2026-01-11T08:27:54.551457+00:00 LAPTOP-E57H2M85 sshd[10393]: pam_unix(sshd:auth): check pass; user unknown
2026-01-11T08:27:56.946269+00:00 LAPTOP-E57H2M85 sshd[10393]: Failed password for invalid user fakeuser from 127.0.0.1 port 51302 ssh2
2026-01-11T08:27:58.349908+00:00 LAPTOP-E57H2M85 sshd[10393]: Connection closed by invalid user fakeuser 127.0.0.1 port 51302 [preauth]
2026-01-11T08:27:58.350123+00:00 LAPTOP-E57H2M85 sshd[10393]: PAM 2 more authentication failures; logname= uid=0 euid=0 tty=ssh ruser= rhost=127.0.0.1 
2026-01-11T08:26:29.109468+00:00 LAPTOP-E57H2M85 sudo:   avdhut : TTY=pts/0 ; PWD=/home/avdhut/log-analysis-system ; USER=root ; COMMAND=/usr/bin/cat /var/log/auth.log
2026-01-11T08:26:29.116865+00:00 LAPTOP-E57H2M85 sudo: pam_unix(sudo:session): session opened for user root(uid=0) by (uid=1000)
2026-01-11T08:26:29.124727+00:00 LAPTOP-E57H2M85 sudo: pam_unix(sudo:session): session closed for user root
2026-01-11T08:27:31.519964+00:00 LAPTOP-E57H2M85 sudo:   avdhut : TTY=pts/0 ; PWD=/home/avdhut/log-analysis-system ; USER=root ; COMMAND=/usr/bin/cp /var/log/auth.log logs/auth.log
2026-01-11T08:27:31.521338+00:00 LAPTOP-E57H2M85 sudo: pam_unix(sudo:session): session opened for user root(uid=0) by (uid=1000)
2026-01-11T08:27:31.529876+00:00 LAPTOP-E57H2M85 sudo: pam_unix(sudo:session): session closed for user root
2026-01-11T08:27:31.537756+00:00 LAPTOP-E57H2M85 sudo:   avdhut : TTY=pts/0 ; PWD=/home/avdhut/log-analysis-system ; USER=root ; COMMAND=/usr/bin/chown avdhut:avdhut logs/auth.log
2026-01-11T08:27:31.538351+00:00 LAPTOP-E57H2M85 sudo: pam_unix(sudo:session): session opened for user root(uid=0) by (uid=1000)
2026-01-11T08:27:31.545514+00:00 LAPTOP-E57H2M85 sudo: pam_unix(sudo:session): session closed for user root
2026-01-11T08:30:42.576718+00:00 LAPTOP-E57H2M85 sudo:   avdhut : TTY=pts/0 ; PWD=/home/avdhut/log-analysis-system ; USER=root ; COMMAND=/usr/bin/chown avdhut:avdhut logs/auth.log
2026-01-11T08:30:42.578188+00:00 LAPTOP-E57H2M85 sudo: pam_unix(sudo:session): session opened for user root(uid=0) by (uid=1000)
2026-01-11T08:30:42.581193+00:00 LAPTOP-E57H2M85 sudo: pam_unix(sudo:session): session closed for user root
2026-01-11T08:30:47.080514+00:00 LAPTOP-E57H2M85 sudo:   avdhut : TTY=pts/0 ; PWD=/home/avdhut/log-analysis-system ; USER=root ; COMMAND=/usr/bin/cp /var/log/auth.log logs/auth.log
2026-01-11T08:30:47.081485+00:00 LAPTOP-E57H2M85 sudo: pam_unix(sudo:session): session opened for user root(uid=0) by (uid=1000)
2026-01-11T08:30:47.084760+00:00 LAPTOP-E57H2M85 sudo: pam_unix(sudo:session): session closed for user root
2026-01-11T08:30:48.634869+00:00 LAPTOP-E57H2M85 sudo:   avdhut : TTY=pts/0 ; PWD=/home/avdhut/log-analysis-system ; USER=root ; COMMAND=/usr/bin/chown avdhut:avdhut logs/auth.log
2026-01-11T08:30:48.635843+00:00 LAPTOP-E57H2M85 sudo: pam_unix(sudo:session): session opened for user root(uid=0) by (uid=1000)
2026-01-11T08:30:48.639591+00:00 LAPTOP-E57H2M85 sudo: pam_unix(sudo:session): session closed for user root
2026-01-11T08:31:42.006722+00:00 LAPTOP-E57H2M85 sshd[10748]: Invalid user fakeuser from 127.0.0.1 port 60060
2026-01-11T08:31:44.433658+00:00 LAPTOP-E57H2M85 sshd[10748]: pam_unix(sshd:auth): check pass; user unknown
2026-01-11T08:31:44.433761+00:00 LAPTOP-E57H2M85 sshd[10748]: pam_unix(sshd:auth): authentication failure; logname= uid=0 euid=0 tty=ssh ruser= rhost=127.0.0.1 
2026-01-11T08:31:46.734914+00:00 LAPTOP-E57H2M85 sshd[10748]: Failed password for invalid user fakeuser from 127.0.0.1 port 60060 ssh2
2026-01-11T08:31:50.278517+00:00 LAPTOP-E57H2M85 sshd[10748]: pam_unix(sshd:auth): check pass; user unknown
2026-01-11T08:31:52.061399+00:00 LAPTOP-E57H2M85 sshd[10748]: Failed password for invalid user fakeuser from 127.0.0.1 port 60060 ssh2
2026-01-11T08:31:53.925265+00:00 LAPTOP-E57H2M85 sshd[10748]: pam_unix(sshd:auth): check pass; user unknown
2026-01-11T08:31:55.461605+00:00 LAPTOP-E57H2M85 sshd[10748]: Failed password for invalid user fakeuser from 127.0.0.1 port 60060 ssh2
2026-01-11T08:31:55.919345+00:00 LAPTOP-E57H2M85 sshd[10748]: Connection closed by invalid user fakeuser 127.0.0.1 port 60060 [preauth]
2026-01-11T08:31:55.919649+00:00 LAPTOP-E57H2M85 sshd[10748]: PAM 2 more authentication failures; logname= uid=0 euid=0 tty=ssh ruser= rhost=127.0.0.1 
2026-01-11T08:32:23.843673+00:00 LAPTOP-E57H2M85 sudo:   avdhut : TTY=pts/0 ; PWD=/home/avdhut/log-analysis-system ; USER=root ; COMMAND=/usr/bin/cp /var/log/auth.log logs/auth.log
2026-01-11T08:32:23.844525+00:00 LAPTOP-E57H2M85 sudo: pam_unix(sudo:session): session opened for user root(uid=0) by (uid=1000)
